#
# A fatal error has been detected by the Java Runtime Environment:
#
#  Internal Error (javaClasses.cpp:129), pid=4508, tid=12420
#  fatal error: Invalid layout of preloaded class
#
# JRE version: 7.0_07-b10
# Java VM: Java HotSpot(TM) 64-Bit Server VM (23.3-b01 mixed mode windows-amd64 compressed oops)
# Failed to write core dump. Minidumps are not enabled by default on client versions of Windows
#
# If you would like to submit a bug report, please visit:
#   http://bugreport.sun.com/bugreport/crash.jsp
#

---------------  T H R E A D  ---------------

Current thread (0x000000000223d000):  JavaThread "Unknown thread" [_thread_in_vm, id=12420, stack(0x00000000023c0000,0x00000000024c0000)]

Stack: [0x00000000023c0000,0x00000000024c0000]

---------------  P R O C E S S  ---------------

Java Threads: ( => current thread )

Other Threads:

=>0x000000000223d000 (exited) JavaThread "Unknown thread" [_thread_in_vm, id=12420, stack(0x00000000023c0000,0x00000000024c0000)]

VM state:not at safepoint (not fully initialized)

VM Mutex/Monitor currently owned by a thread: None

GC Heap History (0 events):
No events

Deoptimization events (0 events):
No events

Internal exceptions (0 events):
No events

Events (10 events):
Event: 0.011 loading class 0x00000000021bea70 done
Event: 0.011 loading class 0x0000000002172be0 done
Event: 0.011 loading class 0x0000000002172bb0
Event: 0.011 loading class 0x00000000021c72a0
Event: 0.011 loading class 0x00000000021c72a0 done
Event: 0.011 loading class 0x00000000021c72e0
Event: 0.011 loading class 0x00000000021c72e0 done
Event: 0.011 loading class 0x000000000b87c290
Event: 0.011 loading class 0x000000000b87c290 done
Event: 0.011 loading class 0x0000000002172bb0 done


Dynamic libraries:
0x000000013f310000 - 0x000000013f344000 	C:\Program Files\Java\jre7\bin\javaw.exe
0x0000000076ef0000 - 0x0000000077099000 	C:\windows\SYSTEM32\ntdll.dll
0x0000000076810000 - 0x000000007692f000 	C:\windows\system32\kernel32.dll
0x000007fefd540000 - 0x000007fefd5ab000 	C:\windows\system32\KERNELBASE.dll
0x000007fefe750000 - 0x000007fefe82b000 	C:\windows\system32\ADVAPI32.dll
0x000007feff160000 - 0x000007feff1ff000 	C:\windows\system32\msvcrt.dll
0x000007fefee40000 - 0x000007fefee5f000 	C:\windows\SYSTEM32\sechost.dll
0x000007fefe5d0000 - 0x000007fefe6fd000 	C:\windows\system32\RPCRT4.dll
0x0000000076a80000 - 0x0000000076b7a000 	C:\windows\system32\USER32.dll
0x000007fefece0000 - 0x000007fefed47000 	C:\windows\system32\GDI32.dll
0x000007fefe830000 - 0x000007fefe83e000 	C:\windows\system32\LPK.dll
0x000007fefef20000 - 0x000007fefefe9000 	C:\windows\system32\USP10.dll
0x000007fefbb40000 - 0x000007fefbd34000 	C:\windows\WinSxS\amd64_microsoft.windows.common-controls_6595b64144ccf1df_6.0.7601.17514_none_fa396087175ac9ac\COMCTL32.dll
0x000007fefea50000 - 0x000007fefeac1000 	C:\windows\system32\SHLWAPI.dll
0x000007fefecb0000 - 0x000007fefecde000 	C:\windows\system32\IMM32.DLL
0x000007fefeff0000 - 0x000007feff0f9000 	C:\windows\system32\MSCTF.dll
0x0000000069660000 - 0x0000000069731000 	C:\Program Files\Java\jre7\bin\msvcr100.dll
0x0000000050f50000 - 0x000000005166f000 	C:\Program Files\Java\jre7\bin\server\jvm.dll
0x000007fef9810000 - 0x000007fef9819000 	C:\windows\system32\WSOCK32.dll
0x000007fefe700000 - 0x000007fefe74d000 	C:\windows\system32\WS2_32.dll
0x000007fefee30000 - 0x000007fefee38000 	C:\windows\system32\NSI.dll
0x000007fefb530000 - 0x000007fefb56b000 	C:\windows\system32\WINMM.dll
0x00000000770b0000 - 0x00000000770b7000 	C:\windows\system32\PSAPI.DLL
0x00000000730b0000 - 0x00000000730bf000 	C:\Program Files\Java\jre7\bin\verify.dll
0x0000000069a00000 - 0x0000000069a28000 	C:\Program Files\Java\jre7\bin\java.dll
0x0000000069800000 - 0x0000000069815000 	C:\Program Files\Java\jre7\bin\zip.dll

VM Arguments:
jvm_args: -Dfile.encoding=Cp1252 -Xbootclasspath:C:\Users\root\Downloads\adt-bundle-windows-x86_64\adt-bundle-windows-x86_64\sdk\platforms\android-17\android.jar 
java_command: org.eclipse.jdt.internal.junit.runner.RemoteTestRunner -version 3 -port 63983 -testLoaderClass org.eclipse.jdt.internal.junit4.runner.JUnit4TestLoader -loaderpluginname org.eclipse.jdt.junit4.runtime -classNames com.project.sushi.CollisionTest
Launcher Type: SUN_STANDARD

Environment Variables:
JAVA_HOME=C:\Program Files\Java\jdk1.7.0_07\bin
JRE_HOME=C:\Program Files\Java\jre7\bin
PATH=C:\Perl64\site\bin;C:\Perl64\bin;c:\Qt\4.8.0\bin;C:\Program Files\Common Files\Microsoft Shared\Windows Live;C:\Program Files (x86)\Common Files\Microsoft Shared\Windows Live;C:\windows\system32;C:\windows;C:\windows\System32\Wbem;C:\windows\System32\WindowsPowerShell\v1.0\;C:\Program Files\Intel\WiFi\bin\;C:\Program Files\Common Files\Intel\WirelessCommon\;C:\Program Files\Lenovo\Bluetooth Software\;C:\Program Files\Lenovo\Bluetooth Software\syswow64;C:\Program Files (x86)\Windows Live\Shared;c:\Program Files (x86)\Autodesk\Backburner\;c:\Program Files (x86)\Microsoft SQL Server\100\Tools\Binn\;c:\Program Files\Microsoft SQL Server\100\Tools\Binn\;c:\Program Files\Microsoft SQL Server\100\DTS\Binn\;C:\Program Files\TortoiseSVN\bin;C:\Program Files\Java\jdk1.7.0_07\bin
USERNAME=root
OS=Windows_NT
PROCESSOR_IDENTIFIER=Intel64 Family 6 Model 42 Stepping 7, GenuineIntel



---------------  S Y S T E M  ---------------

OS: Windows 7 , 64 bit Build 7601 Service Pack 1

CPU:total 8 (4 cores per cpu, 2 threads per core) family 6 model 42 stepping 7, cmov, cx8, fxsr, mmx, sse, sse2, sse3, ssse3, sse4.1, sse4.2, popcnt, avx, ht, tsc, tscinvbit

Memory: 4k page, physical 8300720k(3841180k free), swap 16599584k(10449000k free)

vm_info: Java HotSpot(TM) 64-Bit Server VM (23.3-b01) for windows-amd64 JRE (1.7.0_07-b10), built on Aug 28 2012 18:28:27 by "java_re" with unknown MS VC++:1600

time: Sun Feb 24 17:29:50 2013
elapsed time: 0 seconds

