#
# A fatal error has been detected by the Java Runtime Environment:
#
#  Internal Error (classFileParser.cpp:3494), pid=3892, tid=4328
#  Error: ShouldNotReachHere()
#
# JRE version: 6.0_34-b04
# Java VM: Java HotSpot(TM) 64-Bit Server VM (20.9-b04 mixed mode windows-amd64 compressed oops)
# If you would like to submit a bug report, please visit:
#   http://java.sun.com/webapps/bugreport/crash.jsp
#

---------------  T H R E A D  ---------------

Current thread (0x0000000000abb800):  JavaThread "Unknown thread" [_thread_in_vm, id=4328, stack(0x0000000002c00000,0x0000000002d00000)]

Stack: [0x0000000002c00000,0x0000000002d00000]
[error occurred during error reporting (printing stack bounds), id 0xc0000005]


---------------  P R O C E S S  ---------------

Java Threads: ( => current thread )

Other Threads:

=>0x0000000000abb800 (exited) JavaThread "Unknown thread" [_thread_in_vm, id=4328, stack(0x0000000002c00000,0x0000000002d00000)]

VM state:not at safepoint (not fully initialized)

VM Mutex/Monitor currently owned by a thread: None

Dynamic libraries:
0x0000000000400000 - 0x000000000042f000 	C:\Program Files\Java\jre6\bin\javaw.exe
0x0000000077b90000 - 0x0000000077d16000 	C:\Windows\system32\ntdll.dll
0x0000000077a60000 - 0x0000000077b8d000 	C:\Windows\system32\kernel32.dll
0x000007feff710000 - 0x000007feff818000 	C:\Windows\system32\ADVAPI32.dll
0x000007feffd60000 - 0x000007feffea3000 	C:\Windows\system32\RPCRT4.dll
0x0000000077990000 - 0x0000000077a5d000 	C:\Windows\system32\USER32.dll
0x000007feffb10000 - 0x000007feffb74000 	C:\Windows\system32\GDI32.dll
0x000007fefe2e0000 - 0x000007fefe30d000 	C:\Windows\system32\IMM32.DLL
0x000007feff820000 - 0x000007feff922000 	C:\Windows\system32\MSCTF.dll
0x000007feffc20000 - 0x000007feffcbc000 	C:\Windows\system32\msvcrt.dll
0x000007feffd50000 - 0x000007feffd5d000 	C:\Windows\system32\LPK.DLL
0x000007feff430000 - 0x000007feff4ca000 	C:\Windows\system32\USP10.dll
0x000000006d800000 - 0x000000006dfb9000 	C:\Program Files\Java\jre6\bin\server\jvm.dll
0x000007fefc2c0000 - 0x000007fefc2f9000 	C:\Windows\system32\WINMM.dll
0x000007feff930000 - 0x000007feffb08000 	C:\Windows\system32\ole32.dll
0x000007feff120000 - 0x000007feff1f3000 	C:\Windows\system32\OLEAUT32.dll
0x000007fefc450000 - 0x000007fefc4a5000 	C:\Windows\system32\OLEACC.dll
0x000000006d770000 - 0x000000006d77e000 	C:\Program Files\Java\jre6\bin\verify.dll
0x000000006d3b0000 - 0x000000006d3d7000 	C:\Program Files\Java\jre6\bin\java.dll
0x000000006d7c0000 - 0x000000006d7d2000 	C:\Program Files\Java\jre6\bin\zip.dll
0x0000000077d30000 - 0x0000000077d39000 	C:\Windows\system32\PSAPI.DLL

VM Arguments:
jvm_args: -Dfile.encoding=Cp1252 -Xbootclasspath:C:\Users\owner\Desktop\Android\sdk\platforms\android-17\android.jar 
java_command: org.eclipse.jdt.internal.junit.runner.RemoteTestRunner -version 3 -port 49941 -testLoaderClass org.eclipse.jdt.internal.junit4.runner.JUnit4TestLoader -loaderpluginname org.eclipse.jdt.junit4.runtime -classNames com.hackamaroo.hw2.CollisionTest
Launcher Type: SUN_STANDARD

Environment Variables:
JAVA_HOME=C:\Program Files\Java\jre6
PATH=C:/Program Files/Java/jre6/bin/server;C:/Program Files/Java/jre6/bin;C:/Program Files/Java/jre6/lib/amd64;C:\Program Files\Java\jre6\bin\;C:\Windows\System32\java.exe;C:\Users\owner\Desktop\Android\eclipse;
USERNAME=owner
OS=Windows_NT
PROCESSOR_IDENTIFIER=AMD64 Family 15 Model 104 Stepping 2, AuthenticAMD



---------------  S Y S T E M  ---------------

OS: Windows Vista , 64 bit Build 6002 Service Pack 2

CPU:total 2 (2 cores per cpu, 1 threads per core) family 15 model 104 stepping 2, cmov, cx8, fxsr, mmx, sse, sse2, sse3, mmxext, 3dnowpref

Memory: 4k page, physical 4059852k(1491220k free), swap 8345484k(5568476k free)

vm_info: Java HotSpot(TM) 64-Bit Server VM (20.9-b04) for windows-amd64 JRE (1.6.0_34-b04), built on Jul 19 2012 00:49:04 by "java_re" with MS VC++ 8.0 (VS2005)

time: Wed Feb 27 03:07:08 2013
elapsed time: 0 seconds

