#
# A fatal error has been detected by the Java Runtime Environment:
#
#  Internal Error (javaClasses.cpp:129), pid=12880, tid=8224
#  fatal error: Invalid layout of preloaded class
#
# JRE version: 7.0_07-b10
# Java VM: Java HotSpot(TM) 64-Bit Server VM (23.3-b01 mixed mode windows-amd64 compressed oops)
# Failed to write core dump. Minidumps are not enabled by default on client versions of Windows
#
# If you would like to submit a bug report, please visit:
#   http://bugreport.sun.com/bugreport/crash.jsp
#

---------------  T H R E A D  ---------------

Current thread (0x000000000007d000):  JavaThread "Unknown thread" [_thread_in_vm, id=8224, stack(0x0000000002540000,0x0000000002640000)]

Stack: [0x0000000002540000,0x0000000002640000]

---------------  P R O C E S S  ---------------

Java Threads: ( => current thread )

Other Threads:

=>0x000000000007d000 (exited) JavaThread "Unknown thread" [_thread_in_vm, id=8224, stack(0x0000000002540000,0x0000000002640000)]

VM state:not at safepoint (not fully initialized)

VM Mutex/Monitor currently owned by a thread: None

GC Heap History (0 events):
No events

Deoptimization events (0 events):
No events

Internal exceptions (0 events):
No events

Events (10 events):
Event: 0.009 loading class 0x000000000222b1a0 done
Event: 0.009 loading class 0x00000000021e2c50 done
Event: 0.009 loading class 0x00000000021e2c20
Event: 0.010 loading class 0x0000000002233e20
Event: 0.010 loading class 0x0000000002233e20 done
Event: 0.010 loading class 0x0000000002233e60
Event: 0.010 loading class 0x0000000002233e60 done
Event: 0.010 loading class 0x000000000bb1c2c0
Event: 0.010 loading class 0x000000000bb1c2c0 done
Event: 0.010 loading class 0x00000000021e2c20 done


Dynamic libraries:
0x000000013f680000 - 0x000000013f6b4000 	C:\Program Files\Java\jre7\bin\javaw.exe
0x0000000077200000 - 0x00000000773a9000 	C:\windows\SYSTEM32\ntdll.dll
0x0000000076d80000 - 0x0000000076e9f000 	C:\windows\system32\kernel32.dll
0x000007fefd920000 - 0x000007fefd98b000 	C:\windows\system32\KERNELBASE.dll
0x000007fefe260000 - 0x000007fefe33b000 	C:\windows\system32\ADVAPI32.dll
0x000007fefdfe0000 - 0x000007fefe07f000 	C:\windows\system32\msvcrt.dll
0x000007fefe450000 - 0x000007fefe46f000 	C:\windows\SYSTEM32\sechost.dll
0x000007fefdc30000 - 0x000007fefdd5d000 	C:\windows\system32\RPCRT4.dll
0x0000000076b20000 - 0x0000000076c1a000 	C:\windows\system32\USER32.dll
0x000007fefe340000 - 0x000007fefe3a7000 	C:\windows\system32\GDI32.dll
0x000007fefdb40000 - 0x000007fefdb4e000 	C:\windows\system32\LPK.dll
0x000007fefdb50000 - 0x000007fefdc19000 	C:\windows\system32\USP10.dll
0x000007fefc280000 - 0x000007fefc474000 	C:\windows\WinSxS\amd64_microsoft.windows.common-controls_6595b64144ccf1df_6.0.7601.17514_none_fa396087175ac9ac\COMCTL32.dll
0x000007feff490000 - 0x000007feff501000 	C:\windows\system32\SHLWAPI.dll
0x000007feff460000 - 0x000007feff48e000 	C:\windows\system32\IMM32.DLL
0x000007fefda30000 - 0x000007fefdb39000 	C:\windows\system32\MSCTF.dll
0x0000000068bf0000 - 0x0000000068cc1000 	C:\Program Files\Java\jre7\bin\msvcr100.dll
0x000000005ed50000 - 0x000000005f46f000 	C:\Program Files\Java\jre7\bin\server\jvm.dll
0x000007fef99c0000 - 0x000007fef99c9000 	C:\windows\system32\WSOCK32.dll
0x000007feff410000 - 0x000007feff45d000 	C:\windows\system32\WS2_32.dll
0x000007fefdc20000 - 0x000007fefdc28000 	C:\windows\system32\NSI.dll
0x000007fefb930000 - 0x000007fefb96b000 	C:\windows\system32\WINMM.dll
0x00000000773d0000 - 0x00000000773d7000 	C:\windows\system32\PSAPI.DLL
0x000000006cc60000 - 0x000000006cc6f000 	C:\Program Files\Java\jre7\bin\verify.dll
0x0000000069810000 - 0x0000000069838000 	C:\Program Files\Java\jre7\bin\java.dll
0x000000006cc40000 - 0x000000006cc55000 	C:\Program Files\Java\jre7\bin\zip.dll

VM Arguments:
jvm_args: -Dfile.encoding=Cp1252 -Xbootclasspath:C:\Users\root\Downloads\adt-bundle-windows-x86_64\adt-bundle-windows-x86_64\sdk\platforms\android-17\android.jar 
java_command: org.eclipse.jdt.internal.junit.runner.RemoteTestRunner -version 3 -port 59735 -testLoaderClass org.eclipse.jdt.internal.junit4.runner.JUnit4TestLoader -loaderpluginname org.eclipse.jdt.junit4.runtime -classNames com.project.sushi.CuttableTest
Launcher Type: SUN_STANDARD

Environment Variables:
JAVA_HOME=C:\Program Files\Java\jdk1.7.0_07\bin
JRE_HOME=C:\Program Files\Java\jre7\bin
PATH=C:\Perl64\site\bin;C:\Perl64\bin;c:\Qt\4.8.0\bin;C:\Program Files\Common Files\Microsoft Shared\Windows Live;C:\Program Files (x86)\Common Files\Microsoft Shared\Windows Live;C:\windows\system32;C:\windows;C:\windows\System32\Wbem;C:\windows\System32\WindowsPowerShell\v1.0\;C:\Program Files\Intel\WiFi\bin\;C:\Program Files\Common Files\Intel\WirelessCommon\;C:\Program Files\Lenovo\Bluetooth Software\;C:\Program Files\Lenovo\Bluetooth Software\syswow64;C:\Program Files (x86)\Windows Live\Shared;c:\Program Files (x86)\Autodesk\Backburner\;c:\Program Files (x86)\Microsoft SQL Server\100\Tools\Binn\;c:\Program Files\Microsoft SQL Server\100\Tools\Binn\;c:\Program Files\Microsoft SQL Server\100\DTS\Binn\;C:\Program Files\TortoiseSVN\bin;C:\Program Files\Java\jdk1.7.0_07\bin
USERNAME=root
OS=Windows_NT
PROCESSOR_IDENTIFIER=Intel64 Family 6 Model 42 Stepping 7, GenuineIntel



---------------  S Y S T E M  ---------------

OS: Windows 7 , 64 bit Build 7601 Service Pack 1

CPU:total 8 (4 cores per cpu, 2 threads per core) family 6 model 42 stepping 7, cmov, cx8, fxsr, mmx, sse, sse2, sse3, ssse3, sse4.1, sse4.2, popcnt, avx, ht, tsc, tscinvbit

Memory: 4k page, physical 8300720k(3794008k free), swap 16599584k(10230216k free)

vm_info: Java HotSpot(TM) 64-Bit Server VM (23.3-b01) for windows-amd64 JRE (1.7.0_07-b10), built on Aug 28 2012 18:28:27 by "java_re" with unknown MS VC++:1600

time: Mon Apr 29 14:01:24 2013
elapsed time: 0 seconds

