#
# A fatal error has been detected by the Java Runtime Environment:
#
#  Internal Error (javaClasses.cpp:129), pid=9892, tid=11528
#  fatal error: Invalid layout of preloaded class
#
# JRE version: 7.0_07-b10
# Java VM: Java HotSpot(TM) 64-Bit Server VM (23.3-b01 mixed mode windows-amd64 compressed oops)
# Failed to write core dump. Minidumps are not enabled by default on client versions of Windows
#
# If you would like to submit a bug report, please visit:
#   http://bugreport.sun.com/bugreport/crash.jsp
#

---------------  T H R E A D  ---------------

Current thread (0x00000000002ed800):  JavaThread "Unknown thread" [_thread_in_vm, id=11528, stack(0x0000000002260000,0x0000000002360000)]

Stack: [0x0000000002260000,0x0000000002360000]

---------------  P R O C E S S  ---------------

Java Threads: ( => current thread )

Other Threads:

=>0x00000000002ed800 (exited) JavaThread "Unknown thread" [_thread_in_vm, id=11528, stack(0x0000000002260000,0x0000000002360000)]

VM state:not at safepoint (not fully initialized)

VM Mutex/Monitor currently owned by a thread: None

GC Heap History (0 events):
No events

Deoptimization events (0 events):
No events

Internal exceptions (0 events):
No events

Events (10 events):
Event: 0.013 loading class 0x00000000020ff210 done
Event: 0.014 loading class 0x00000000020b33e0 done
Event: 0.014 loading class 0x00000000020b33b0
Event: 0.014 loading class 0x00000000021084f0
Event: 0.014 loading class 0x00000000021084f0 done
Event: 0.014 loading class 0x0000000002108530
Event: 0.014 loading class 0x0000000002108530 done
Event: 0.014 loading class 0x000000000b88c350
Event: 0.014 loading class 0x000000000b88c350 done
Event: 0.014 loading class 0x00000000020b33b0 done


Dynamic libraries:
0x000000013f350000 - 0x000000013f384000 	C:\Program Files\Java\jre7\bin\javaw.exe
0x0000000077040000 - 0x00000000771e9000 	C:\windows\SYSTEM32\ntdll.dll
0x0000000076c10000 - 0x0000000076d2f000 	C:\windows\system32\kernel32.dll
0x000007fefd700000 - 0x000007fefd76b000 	C:\windows\system32\KERNELBASE.dll
0x000007feff180000 - 0x000007feff25b000 	C:\windows\system32\ADVAPI32.dll
0x000007fefe980000 - 0x000007fefea1f000 	C:\windows\system32\msvcrt.dll
0x000007fefe620000 - 0x000007fefe63f000 	C:\windows\SYSTEM32\sechost.dll
0x000007fefea20000 - 0x000007fefeb4d000 	C:\windows\system32\RPCRT4.dll
0x0000000076f40000 - 0x000000007703a000 	C:\windows\system32\USER32.dll
0x000007fefe8b0000 - 0x000007fefe917000 	C:\windows\system32\GDI32.dll
0x000007fefe640000 - 0x000007fefe64e000 	C:\windows\system32\LPK.dll
0x000007fefe7e0000 - 0x000007fefe8a9000 	C:\windows\system32\USP10.dll
0x000007fefc0c0000 - 0x000007fefc2b4000 	C:\windows\WinSxS\amd64_microsoft.windows.common-controls_6595b64144ccf1df_6.0.7601.17514_none_fa396087175ac9ac\COMCTL32.dll
0x000007fefeb50000 - 0x000007fefebc1000 	C:\windows\system32\SHLWAPI.dll
0x000007fefec50000 - 0x000007fefec7e000 	C:\windows\system32\IMM32.DLL
0x000007fefec80000 - 0x000007fefed89000 	C:\windows\system32\MSCTF.dll
0x0000000069350000 - 0x0000000069421000 	C:\Program Files\Java\jre7\bin\msvcr100.dll
0x000000005e7c0000 - 0x000000005eedf000 	C:\Program Files\Java\jre7\bin\server\jvm.dll
0x000007fef9780000 - 0x000007fef9789000 	C:\windows\system32\WSOCK32.dll
0x000007feff300000 - 0x000007feff34d000 	C:\windows\system32\WS2_32.dll
0x000007fefe650000 - 0x000007fefe658000 	C:\windows\system32\NSI.dll
0x000007fefb4b0000 - 0x000007fefb4eb000 	C:\windows\system32\WINMM.dll
0x0000000077200000 - 0x0000000077207000 	C:\windows\system32\PSAPI.DLL
0x0000000069840000 - 0x000000006984f000 	C:\Program Files\Java\jre7\bin\verify.dll
0x0000000069780000 - 0x00000000697a8000 	C:\Program Files\Java\jre7\bin\java.dll
0x0000000069820000 - 0x0000000069835000 	C:\Program Files\Java\jre7\bin\zip.dll

VM Arguments:
jvm_args: -Dnet.sourceforge.cobertura.datafile=C:\Users\root\Documents\GitHub\WorkInProgress\.metadata\.plugins\ecobertura.core\cobertura\cobertura.ser -Dfile.encoding=Cp1252 -Xbootclasspath:C:\Users\root\Downloads\adt-bundle-windows-x86_64\adt-bundle-windows-x86_64\sdk\platforms\android-17\android.jar;C:\Users\root\Downloads\adt-bundle-windows-x86_64\adt-bundle-windows-x86_64\eclipse\configuration\org.eclipse.osgi\bundles\276\1\.cp\cobertura.jar 
java_command: org.eclipse.jdt.internal.junit.runner.RemoteTestRunner -version 3 -port 49508 -testLoaderClass org.eclipse.jdt.internal.junit4.runner.JUnit4TestLoader -loaderpluginname org.eclipse.jdt.junit4.runtime -testNameFile C:\Users\root\AppData\Local\Temp\testNames8073410262767001939.txt
Launcher Type: SUN_STANDARD

Environment Variables:
JAVA_HOME=C:\Program Files\Java\jdk1.7.0_07\bin
JRE_HOME=C:\Program Files\Java\jre7\bin
PATH=C:\Perl64\site\bin;C:\Perl64\bin;c:\Qt\4.8.0\bin;C:\Program Files\Common Files\Microsoft Shared\Windows Live;C:\Program Files (x86)\Common Files\Microsoft Shared\Windows Live;C:\windows\system32;C:\windows;C:\windows\System32\Wbem;C:\windows\System32\WindowsPowerShell\v1.0\;C:\Program Files\Intel\WiFi\bin\;C:\Program Files\Common Files\Intel\WirelessCommon\;C:\Program Files\Lenovo\Bluetooth Software\;C:\Program Files\Lenovo\Bluetooth Software\syswow64;C:\Program Files (x86)\Windows Live\Shared;c:\Program Files (x86)\Autodesk\Backburner\;c:\Program Files (x86)\Microsoft SQL Server\100\Tools\Binn\;c:\Program Files\Microsoft SQL Server\100\Tools\Binn\;c:\Program Files\Microsoft SQL Server\100\DTS\Binn\;C:\Program Files\TortoiseSVN\bin;C:\Program Files\Java\jdk1.7.0_07\bin
USERNAME=root
OS=Windows_NT
PROCESSOR_IDENTIFIER=Intel64 Family 6 Model 42 Stepping 7, GenuineIntel



---------------  S Y S T E M  ---------------

OS: Windows 7 , 64 bit Build 7601 Service Pack 1

CPU:total 8 (4 cores per cpu, 2 threads per core) family 6 model 42 stepping 7, cmov, cx8, fxsr, mmx, sse, sse2, sse3, ssse3, sse4.1, sse4.2, popcnt, avx, ht, tsc, tscinvbit

Memory: 4k page, physical 8300720k(4762672k free), swap 16599584k(11493216k free)

vm_info: Java HotSpot(TM) 64-Bit Server VM (23.3-b01) for windows-amd64 JRE (1.7.0_07-b10), built on Aug 28 2012 18:28:27 by "java_re" with unknown MS VC++:1600

time: Fri Apr 26 23:52:18 2013
elapsed time: 0 seconds

